<?xml version="1.0" encoding="UTF-8"?>
<!-- Generated by org.testng.reporters.JUnitReportReporter -->
<testsuite hostname="DESKTOP-TSVPU8V" failures="0" tests="1" name="TestScript.LoginAutomationScript" time="4.560" errors="0" timestamp="2025-04-15T09:04:01 IST" skipped="0">
  <testcase classname="TestScript.LoginAutomationScript" name="testVarifyLoginWithValidCredentialField" time="4.560"/>
</testsuite> <!-- TestScript.LoginAutomationScript -->
