<?xml version="1.0" encoding="UTF-8"?>
<!-- Generated by org.testng.reporters.JUnitReportReporter -->
<testsuite hostname="DESKTOP-TSVPU8V" failures="0" tests="2" name="TestScript.LeadAutomationScript" time="26.064" errors="0" timestamp="2025-06-05T10:24:59 IST" skipped="0">
  <testcase classname="TestScript.LeadAutomationScript" name="CreateLeadWithRequiredFields" time="13.145"/>
  <testcase classname="TestScript.LeadAutomationScript" name="CreateLeadWithAllFields" time="12.919"/>
</testsuite> <!-- TestScript.LeadAutomationScript -->
