<?xml version="1.0" encoding="UTF-8"?>
<!-- Generated by org.testng.reporters.JUnitReportReporter -->
<testsuite hostname="DESKTOP-TSVPU8V" failures="0" tests="1" name="TestScript.LeadAutomationScript" time="26.790" errors="0" timestamp="2025-06-09T09:42:19 IST" skipped="0">
  <testcase classname="TestScript.LeadAutomationScript" name="CreateLeadWithRequiredFields" time="26.790"/>
</testsuite> <!-- TestScript.LeadAutomationScript -->
