<?xml version="1.0" encoding="UTF-8"?>
<!-- Generated by org.testng.reporters.JUnitReportReporter -->
<testsuite hostname="DESKTOP-TSVPU8V" failures="0" tests="1" name="TestScript.LoginAutomationScript" time="10.805" errors="0" timestamp="2025-06-05T10:24:59 IST" skipped="0">
  <testcase classname="TestScript.LoginAutomationScript" name="VarifyLoginWithValidCredentialField" time="10.805"/>
</testsuite> <!-- TestScript.LoginAutomationScript -->
